This is pdfTeX, Version 3.14159265-2.6-1.40.18 (MiKTeX 2.9.6350 64-bit) (preloaded format=pdflatex 2017.12.13)  6 SEP 2018 09:35
entering extended mode
**./MaxisTeil.tex
(MaxisTeil.tex
LaTeX2e <2017-04-15>
Babel <3.10> and hyphenation patterns for 75 language(s) loaded.

! LaTeX Error: Environment lemma undefined.

See the LaTeX manual or LaTeX Companion for explanation.
Type  H <return>  for immediate help.
 ...                                              
                                                  
l.1 \begin{lemma}
                 [Grothendieck's identity]
Your command was ignored.
Type  I <command> <return>  to replace it with another command,
or  <return>  to continue without it.


! LaTeX Error: Missing \begin{document}.

See the LaTeX manual or LaTeX Companion for explanation.
Type  H <return>  for immediate help.
 ...                                              
                                                  
l.1 \begin{lemma}[
                  Grothendieck's identity]
You're in trouble here.  Try typing  <return>  to proceed.
If that doesn't work, type  X <return>  to quit.

Missing character: There is no [ in font nullfont!
Missing character: There is no G in font nullfont!
Missing character: There is no r in font nullfont!
Missing character: There is no o in font nullfont!
Missing character: There is no t in font nullfont!
Missing character: There is no h in font nullfont!
Missing character: There is no e in font nullfont!
Missing character: There is no n in font nullfont!
Missing character: There is no d in font nullfont!
Missing character: There is no i in font nullfont!
Missing character: There is no e in font nullfont!
Missing character: There is no c in font nullfont!
Missing character: There is no k in font nullfont!
Missing character: There is no ' in font nullfont!
Missing character: There is no s in font nullfont!
Missing character: There is no i in font nullfont!
Missing character: There is no d in font nullfont!
Missing character: There is no e in font nullfont!
Missing character: There is no n in font nullfont!
Missing character: There is no t in font nullfont!
Missing character: There is no i in font nullfont!
Missing character: There is no t in font nullfont!
Missing character: There is no y in font nullfont!
Missing character: There is no ] in font nullfont!
Missing character: There is no L in font nullfont!
Missing character: There is no e in font nullfont!
Missing character: There is no t in font nullfont!
LaTeX Font Info:    External font `cmex10' loaded for size
(Font)              <7> on input line 2.
LaTeX Font Info:    External font `cmex10' loaded for size
(Font)              <5> on input line 2.
! Undefined control sequence.
l.2 	Let $u,v\in\mathbb
                       {R}^d$ be unit vectors. Let $r\in\mathbb{R}^d$ be a r...
The control sequence at the end of the top line
of your error message was never \def'ed. If you have
misspelled it (e.g., `\hobx'), type `I' and the correct
spelling (e.g., `I\hbox'). Otherwise just continue,
and I'll forget about whatever was undefined.

Missing character: There is no b in font nullfont!
Missing character: There is no e in font nullfont!
Missing character: There is no u in font nullfont!
Missing character: There is no n in font nullfont!
Missing character: There is no i in font nullfont!
Missing character: There is no t in font nullfont!
Missing character: There is no v in font nullfont!
Missing character: There is no e in font nullfont!
Missing character: There is no c in font nullfont!
Missing character: There is no t in font nullfont!
Missing character: There is no o in font nullfont!
Missing character: There is no r in font nullfont!
Missing character: There is no s in font nullfont!
Missing character: There is no . in font nullfont!
Missing character: There is no L in font nullfont!
Missing character: There is no e in font nullfont!
Missing character: There is no t in font nullfont!
! Undefined control sequence.
l.2 ...hbb{R}^d$ be unit vectors. Let $r\in\mathbb
                                                  {R}^d$ be a random unit ve...
The control sequence at the end of the top line
of your error message was never \def'ed. If you have
misspelled it (e.g., `\hobx'), type `I' and the correct
spelling (e.g., `I\hbox'). Otherwise just continue,
and I'll forget about whatever was undefined.

Missing character: There is no b in font nullfont!
Missing character: There is no e in font nullfont!
Missing character: There is no a in font nullfont!
Missing character: There is no r in font nullfont!
Missing character: There is no a in font nullfont!
Missing character: There is no n in font nullfont!
Missing character: There is no d in font nullfont!
Missing character: There is no o in font nullfont!
Missing character: There is no m in font nullfont!
Missing character: There is no u in font nullfont!
Missing character: There is no n in font nullfont!
Missing character: There is no i in font nullfont!
Missing character: There is no t in font nullfont!
Missing character: There is no v in font nullfont!
Missing character: There is no e in font nullfont!
Missing character: There is no c in font nullfont!
Missing character: There is no t in font nullfont!
Missing character: There is no o in font nullfont!
Missing character: There is no r in font nullfont!
Missing character: There is no c in font nullfont!
Missing character: There is no h in font nullfont!
Missing character: There is no o in font nullfont!
Missing character: There is no s in font nullfont!
Missing character: There is no e in font nullfont!
Missing character: There is no n in font nullfont!
Missing character: There is no f in font nullfont!
Missing character: There is no r in font nullfont!
Missing character: There is no o in font nullfont!
Missing character: There is no m in font nullfont!
Missing character: There is no - in font nullfont!
Missing character: There is no i in font nullfont!
Missing character: There is no n in font nullfont!
Missing character: There is no v in font nullfont!
Missing character: There is no a in font nullfont!
Missing character: There is no r in font nullfont!
Missing character: There is no i in font nullfont!
Missing character: There is no a in font nullfont!
Missing character: There is no n in font nullfont!
Missing character: There is no t in font nullfont!
Missing character: There is no p in font nullfont!
Missing character: There is no r in font nullfont!
Missing character: There is no o in font nullfont!
Missing character: There is no b in font nullfont!
Missing character: There is no a in font nullfont!
Missing character: There is no b in font nullfont!
Missing character: There is no i in font nullfont!
Missing character: There is no l in font nullfont!
Missing character: There is no i in font nullfont!
Missing character: There is no t in font nullfont!
Missing character: There is no y in font nullfont!
Missing character: There is no d in font nullfont!
Missing character: There is no i in font nullfont!
Missing character: There is no s in font nullfont!
Missing character: There is no t in font nullfont!
Missing character: There is no r in font nullfont!
Missing character: There is no i in font nullfont!
Missing character: There is no b in font nullfont!
Missing character: There is no u in font nullfont!
Missing character: There is no t in font nullfont!
Missing character: There is no i in font nullfont!
Missing character: There is no o in font nullfont!
Missing character: There is no n in font nullfont!
Missing character: There is no o in font nullfont!
Missing character: There is no n in font nullfont!
Missing character: There is no t in font nullfont!
Missing character: There is no h in font nullfont!
Missing character: There is no e in font nullfont!
Missing character: There is no u in font nullfont!
Missing character: There is no n in font nullfont!
Missing character: There is no i in font nullfont!
Missing character: There is no t in font nullfont!
Missing character: There is no s in font nullfont!
Missing character: There is no p in font nullfont!
Missing character: There is no h in font nullfont!
Missing character: There is no e in font nullfont!
Missing character: There is no r in font nullfont!
Missing character: There is no e in font nullfont!
Missing character: There is no . in font nullfont!
Missing character: There is no T in font nullfont!
Missing character: There is no h in font nullfont!
Missing character: There is no e in font nullfont!
Missing character: There is no n in font nullfont!

Overfull \hbox (20.0pt too wide) in paragraph at lines 1--3
[]
 []


Overfull \hbox (24.8194pt too wide) in paragraph at lines 1--3
\OML/cmm/m/it/10 u; v \OMS/cmsy/m/n/10 2
 []


Overfull \hbox (12.33302pt too wide) in paragraph at lines 1--3
\OML/cmm/m/it/10 R[]$
 []


Overfull \hbox (14.23376pt too wide) in paragraph at lines 1--3
\OML/cmm/m/it/10 r \OMS/cmsy/m/n/10 2
 []


Overfull \hbox (12.33302pt too wide) in paragraph at lines 1--3
\OML/cmm/m/it/10 R[]$
 []


Overfull \hbox (20.88821pt too wide) in paragraph at lines 1--3
\OML/cmm/m/it/10 O\OT1/cmr/m/n/10 (\OML/cmm/m/it/10 d\OT1/cmr/m/n/10 )$
 []

Missing character: There is no i in font nullfont!
Missing character: There is no , in font nullfont!
! Undefined control sequence.
<recently read> \mathbb 
                        
l.4 		\item[i,] $\mathbb
                        {P}[\sgn(u^\top r)\neq\sgn(v^\top r)]=\frac{\arccos(...
The control sequence at the end of the top line
of your error message was never \def'ed. If you have
misspelled it (e.g., `\hobx'), type `I' and the correct
spelling (e.g., `I\hbox'). Otherwise just continue,
and I'll forget about whatever was undefined.

! Undefined control sequence.
l.4 		\item[i,] $\mathbb{P}[\sgn
                                (u^\top r)\neq\sgn(v^\top r)]=\frac{\arccos(...
The control sequence at the end of the top line
of your error message was never \def'ed. If you have
misspelled it (e.g., `\hobx'), type `I' and the correct
spelling (e.g., `I\hbox'). Otherwise just continue,
and I'll forget about whatever was undefined.

! Undefined control sequence.
l.4 		\item[i,] $\mathbb{P}[\sgn(u^\top r)\neq\sgn
                                                  (v^\top r)]=\frac{\arccos(...
The control sequence at the end of the top line
of your error message was never \def'ed. If you have
misspelled it (e.g., `\hobx'), type `I' and the correct
spelling (e.g., `I\hbox'). Otherwise just continue,
and I'll forget about whatever was undefined.


Overfull \hbox (46.1841pt too wide) in paragraph at lines 4--5
\OML/cmm/m/it/10 P\OT1/cmr/m/n/10 [(\OML/cmm/m/it/10 u[]r\OT1/cmr/m/n/10 ) \OMS
/cmsy/m/n/10 6\OT1/cmr/m/n/10 =
 []


Overfull \hbox (37.85649pt too wide) in paragraph at lines 4--5
\OT1/cmr/m/n/10 (\OML/cmm/m/it/10 v[]r\OT1/cmr/m/n/10 )] =
 []


Overfull \hbox (44.9225pt too wide) in paragraph at lines 4--5
[]$ 
 []

Missing character: There is no i in font nullfont!
Missing character: There is no i in font nullfont!
Missing character: There is no , in font nullfont!
! Undefined control sequence.
<recently read> \mathbb 
                        
l.5 		\item[ii,] $\mathbb
                         {E}[\sgn(u^\top r)\sgn(v^\top r)]=\frac{2}{\pi}\arc...
The control sequence at the end of the top line
of your error message was never \def'ed. If you have
misspelled it (e.g., `\hobx'), type `I' and the correct
spelling (e.g., `I\hbox'). Otherwise just continue,
and I'll forget about whatever was undefined.

! Undefined control sequence.
l.5 		\item[ii,] $\mathbb{E}[\sgn
                                 (u^\top r)\sgn(v^\top r)]=\frac{2}{\pi}\arc...
The control sequence at the end of the top line
of your error message was never \def'ed. If you have
misspelled it (e.g., `\hobx'), type `I' and the correct
spelling (e.g., `I\hbox'). Otherwise just continue,
and I'll forget about whatever was undefined.

! Undefined control sequence.
l.5 		\item[ii,] $\mathbb{E}[\sgn(u^\top r)\sgn
                                               (v^\top r)]=\frac{2}{\pi}\arc...
The control sequence at the end of the top line
of your error message was never \def'ed. If you have
misspelled it (e.g., `\hobx'), type `I' and the correct
spelling (e.g., `I\hbox'). Otherwise just continue,
and I'll forget about whatever was undefined.


Overfull \hbox (73.63435pt too wide) in paragraph at lines 5--6
\OML/cmm/m/it/10 E\OT1/cmr/m/n/10 [(\OML/cmm/m/it/10 u[]r\OT1/cmr/m/n/10 )(\OML
/cmm/m/it/10 v[]r\OT1/cmr/m/n/10 )] =
 []


Overfull \hbox (62.86922pt too wide) in paragraph at lines 5--6
[] []\OT1/cmr/m/n/10 (\OML/cmm/m/it/10 u[]v\OT1/cmr/m/n/10 )\OML/cmm/m/it/10 :$
 
 []


! LaTeX Error: \begin{document} ended by \end{lemma}.

See the LaTeX manual or LaTeX Companion for explanation.
Type  H <return>  for immediate help.
 ...                                              
                                                  
l.7 \end{lemma}
               
Your command was ignored.
Type  I <command> <return>  to replace it with another command,
or  <return>  to continue without it.


! LaTeX Error: Environment proof undefined.

See the LaTeX manual or LaTeX Companion for explanation.
Type  H <return>  for immediate help.
 ...                                              
                                                  
l.8 \begin{proof}
                 
Your command was ignored.
Type  I <command> <return>  to replace it with another command,
or  <return>  to continue without it.

Missing character: There is no A in font nullfont!
Missing character: There is no s in font nullfont!
Missing character: There is no s in font nullfont!
Missing character: There is no u in font nullfont!
Missing character: There is no m in font nullfont!
Missing character: There is no e in font nullfont!
Missing character: There is no t in font nullfont!
Missing character: There is no h in font nullfont!
Missing character: There is no a in font nullfont!
Missing character: There is no t in font nullfont!
Missing character: There is no a in font nullfont!
Missing character: There is no n in font nullfont!
Missing character: There is no d in font nullfont!
Missing character: There is no a in font nullfont!
Missing character: There is no r in font nullfont!
Missing character: There is no e in font nullfont!
Missing character: There is no l in font nullfont!
Missing character: There is no i in font nullfont!
Missing character: There is no n in font nullfont!
Missing character: There is no e in font nullfont!
Missing character: There is no a in font nullfont!
Missing character: There is no r in font nullfont!
Missing character: There is no l in font nullfont!
Missing character: There is no y in font nullfont!
Missing character: There is no d in font nullfont!
Missing character: There is no e in font nullfont!
Missing character: There is no p in font nullfont!
Missing character: There is no e in font nullfont!
Missing character: There is no n in font nullfont!
Missing character: There is no d in font nullfont!
Missing character: There is no e in font nullfont!
Missing character: There is no n in font nullfont!
Missing character: There is no t in font nullfont!
Missing character: There is no . in font nullfont!
Missing character: There is no S in font nullfont!
Missing character: There is no i in font nullfont!
Missing character: There is no n in font nullfont!
Missing character: There is no c in font nullfont!
Missing character: There is no e in font nullfont!
Missing character: There is no b in font nullfont!
Missing character: There is no o in font nullfont!
Missing character: There is no t in font nullfont!
Missing character: There is no h in font nullfont!
Missing character: There is no , in font nullfont!
Missing character: There is no a in font nullfont!
Missing character: There is no n in font nullfont!
Missing character: There is no d in font nullfont!
Missing character: There is no , in font nullfont!
Missing character: There is no a in font nullfont!
Missing character: There is no r in font nullfont!
Missing character: There is no e in font nullfont!
Missing character: There is no u in font nullfont!
Missing character: There is no n in font nullfont!
Missing character: There is no i in font nullfont!
Missing character: There is no t in font nullfont!
Missing character: There is no v in font nullfont!
Missing character: There is no e in font nullfont!
Missing character: There is no c in font nullfont!
Missing character: There is no t in font nullfont!
Missing character: There is no o in font nullfont!
Missing character: There is no r in font nullfont!
Missing character: There is no s in font nullfont!
Missing character: There is no , in font nullfont!
Missing character: There is no t in font nullfont!
Missing character: There is no h in font nullfont!
Missing character: There is no a in font nullfont!
Missing character: There is no t in font nullfont!
Missing character: There is no i in font nullfont!
Missing character: There is no s in font nullfont!
Missing character: There is no , in font nullfont!
Missing character: There is no e in font nullfont!
Missing character: There is no i in font nullfont!
Missing character: There is no t in font nullfont!
Missing character: There is no h in font nullfont!
Missing character: There is no e in font nullfont!
Missing character: There is no r in font nullfont!
Missing character: There is no , in font nullfont!
Missing character: There is no t in font nullfont!
Missing character: There is no h in font nullfont!
Missing character: There is no e in font nullfont!
Missing character: There is no n in font nullfont!
Missing character: There is no o in font nullfont!
Missing character: There is no r in font nullfont!
Missing character: There is no , in font nullfont!
Missing character: There is no t in font nullfont!
Missing character: There is no h in font nullfont!
Missing character: There is no e in font nullfont!
Missing character: There is no n in font nullfont!
Missing character: There is no . in font nullfont!
Missing character: There is no C in font nullfont!
Missing character: There is no o in font nullfont!
Missing character: There is no n in font nullfont!
Missing character: There is no v in font nullfont!
Missing character: There is no e in font nullfont!
Missing character: There is no r in font nullfont!
Missing character: There is no s in font nullfont!
Missing character: There is no e in font nullfont!
Missing character: There is no l in font nullfont!
Missing character: There is no y in font nullfont!
Missing character: There is no a in font nullfont!
Missing character: There is no s in font nullfont!
Missing character: There is no s in font nullfont!
Missing character: There is no u in font nullfont!
Missing character: There is no m in font nullfont!
Missing character: There is no e in font nullfont!
Missing character: There is no t in font nullfont!
Missing character: There is no h in font nullfont!
Missing character: There is no a in font nullfont!
Missing character: There is no t in font nullfont!
Missing character: There is no a in font nullfont!
Missing character: There is no n in font nullfont!
Missing character: There is no d in font nullfont!
Missing character: There is no a in font nullfont!
Missing character: There is no r in font nullfont!
Missing character: There is no e in font nullfont!
Missing character: There is no l in font nullfont!
Missing character: There is no i in font nullfont!
Missing character: There is no n in font nullfont!
Missing character: There is no e in font nullfont!
Missing character: There is no a in font nullfont!
Missing character: There is no r in font nullfont!
Missing character: There is no l in font nullfont!
Missing character: There is no y in font nullfont!
Missing character: There is no i in font nullfont!
Missing character: There is no n in font nullfont!
Missing character: There is no d in font nullfont!
Missing character: There is no e in font nullfont!
Missing character: There is no p in font nullfont!
Missing character: There is no e in font nullfont!
Missing character: There is no n in font nullfont!
Missing character: There is no d in font nullfont!
Missing character: There is no e in font nullfont!
Missing character: There is no n in font nullfont!
Missing character: There is no t in font nullfont!
Missing character: There is no , in font nullfont!
Missing character: There is no i in font nullfont!
Missing character: There is no . in font nullfont!
Missing character: There is no e in font nullfont!
Missing character: There is no . in font nullfont!
! Undefined control sequence.
<recently read> \operatorname 
                              
l.11 ...inearly independent, i.\,e. $\operatorname
                                                  {dim}(\spn\{u,v\})=2$. Now...
The control sequence at the end of the top line
of your error message was never \def'ed. If you have
misspelled it (e.g., `\hobx'), type `I' and the correct
spelling (e.g., `I\hbox'). Otherwise just continue,
and I'll forget about whatever was undefined.

! Undefined control sequence.
l.11 ...dependent, i.\,e. $\operatorname{dim}(\spn
                                                  \{u,v\})=2$. Now project $...
The control sequence at the end of the top line
of your error message was never \def'ed. If you have
misspelled it (e.g., `\hobx'), type `I' and the correct
spelling (e.g., `I\hbox'). Otherwise just continue,
and I'll forget about whatever was undefined.

Missing character: There is no . in font nullfont!
Missing character: There is no N in font nullfont!
Missing character: There is no o in font nullfont!
Missing character: There is no w in font nullfont!
Missing character: There is no p in font nullfont!
Missing character: There is no r in font nullfont!
Missing character: There is no o in font nullfont!
Missing character: There is no j in font nullfont!
Missing character: There is no e in font nullfont!
Missing character: There is no c in font nullfont!
Missing character: There is no t in font nullfont!
Missing character: There is no o in font nullfont!
Missing character: There is no r in font nullfont!
Missing character: There is no t in font nullfont!
Missing character: There is no h in font nullfont!
Missing character: There is no o in font nullfont!
Missing character: There is no g in font nullfont!
Missing character: There is no o in font nullfont!
Missing character: There is no n in font nullfont!
Missing character: There is no a in font nullfont!
Missing character: There is no l in font nullfont!
Missing character: There is no l in font nullfont!
Missing character: There is no y in font nullfont!
Missing character: There is no o in font nullfont!
Missing character: There is no n in font nullfont!
Missing character: There is no t in font nullfont!
Missing character: There is no h in font nullfont!
Missing character: There is no e in font nullfont!
Missing character: There is no p in font nullfont!
Missing character: There is no l in font nullfont!
Missing character: There is no a in font nullfont!
Missing character: There is no n in font nullfont!
Missing character: There is no e in font nullfont!
Missing character: There is no s in font nullfont!
Missing character: There is no p in font nullfont!
Missing character: There is no a in font nullfont!
Missing character: There is no n in font nullfont!
Missing character: There is no n in font nullfont!
Missing character: There is no e in font nullfont!
Missing character: There is no d in font nullfont!
Missing character: There is no b in font nullfont!
Missing character: There is no y in font nullfont!
Missing character: There is no a in font nullfont!
Missing character: There is no n in font nullfont!
Missing character: There is no d in font nullfont!
Missing character: There is no . in font nullfont!
Missing character: There is no T in font nullfont!
Missing character: There is no h in font nullfont!
Missing character: There is no i in font nullfont!
Missing character: There is no s in font nullfont!
Missing character: There is no g in font nullfont!
Missing character: There is no i in font nullfont!
Missing character: There is no v in font nullfont!
Missing character: There is no e in font nullfont!
Missing character: There is no s in font nullfont!
Missing character: There is no u in font nullfont!
Missing character: There is no s in font nullfont!
Missing character: There is no a in font nullfont!
Missing character: There is no v in font nullfont!
Missing character: There is no e in font nullfont!
Missing character: There is no c in font nullfont!
Missing character: There is no t in font nullfont!
Missing character: There is no o in font nullfont!
Missing character: There is no r in font nullfont!
! Undefined control sequence.
l.11 ...and $v$. This gives us a vector $s\in \spn
                                                  \{u,v\}$ such that $u^\top...
The control sequence at the end of the top line
of your error message was never \def'ed. If you have
misspelled it (e.g., `\hobx'), type `I' and the correct
spelling (e.g., `I\hbox'). Otherwise just continue,
and I'll forget about whatever was undefined.

Missing character: There is no s in font nullfont!
Missing character: There is no u in font nullfont!
Missing character: There is no c in font nullfont!
Missing character: There is no h in font nullfont!
Missing character: There is no t in font nullfont!
Missing character: There is no h in font nullfont!
Missing character: There is no a in font nullfont!
Missing character: There is no t in font nullfont!
Missing character: There is no , in font nullfont!
Missing character: There is no . in font nullfont!
Missing character: There is no T in font nullfont!
Missing character: There is no h in font nullfont!
Missing character: There is no e in font nullfont!
Missing character: There is no u in font nullfont!
Missing character: There is no n in font nullfont!
Missing character: There is no i in font nullfont!
Missing character: There is no t in font nullfont!
Missing character: There is no v in font nullfont!
Missing character: There is no e in font nullfont!
Missing character: There is no c in font nullfont!
Missing character: There is no t in font nullfont!
Missing character: There is no o in font nullfont!
Missing character: There is no r in font nullfont!
! Undefined control sequence.
l.11 ...op r = v^\top s$. The unit vector $s/\norm
                                                  {s}$ is uniformly distribu...
The control sequence at the end of the top line
of your error message was never \def'ed. If you have
misspelled it (e.g., `\hobx'), type `I' and the correct
spelling (e.g., `I\hbox'). Otherwise just continue,
and I'll forget about whatever was undefined.

Missing character: There is no i in font nullfont!
Missing character: There is no s in font nullfont!
Missing character: There is no u in font nullfont!
Missing character: There is no n in font nullfont!
Missing character: There is no i in font nullfont!
Missing character: There is no f in font nullfont!
Missing character: There is no o in font nullfont!
Missing character: There is no r in font nullfont!
Missing character: There is no m in font nullfont!
Missing character: There is no l in font nullfont!
Missing character: There is no y in font nullfont!
Missing character: There is no d in font nullfont!
Missing character: There is no i in font nullfont!
Missing character: There is no s in font nullfont!
Missing character: There is no t in font nullfont!
Missing character: There is no r in font nullfont!
Missing character: There is no i in font nullfont!
Missing character: There is no b in font nullfont!
Missing character: There is no u in font nullfont!
Missing character: There is no t in font nullfont!
Missing character: There is no e in font nullfont!
Missing character: There is no d in font nullfont!
Missing character: There is no o in font nullfont!
Missing character: There is no n in font nullfont!
Missing character: There is no t in font nullfont!
Missing character: There is no h in font nullfont!
Missing character: There is no e in font nullfont!
Missing character: There is no u in font nullfont!
Missing character: There is no n in font nullfont!
Missing character: There is no i in font nullfont!
Missing character: There is no t in font nullfont!
Missing character: There is no c in font nullfont!
Missing character: There is no i in font nullfont!
Missing character: There is no r in font nullfont!
Missing character: There is no c in font nullfont!
Missing character: There is no l in font nullfont!
Missing character: There is no e in font nullfont!
Missing character: There is no b in font nullfont!
Missing character: There is no y in font nullfont!
Missing character: There is no t in font nullfont!
Missing character: There is no h in font nullfont!
Missing character: There is no e in font nullfont!
Missing character: There is no - in font nullfont!
Missing character: There is no i in font nullfont!
Missing character: There is no n in font nullfont!
Missing character: There is no v in font nullfont!
Missing character: There is no a in font nullfont!
Missing character: There is no r in font nullfont!
Missing character: There is no i in font nullfont!
Missing character: There is no a in font nullfont!
Missing character: There is no n in font nullfont!
Missing character: There is no c in font nullfont!
Missing character: There is no e in font nullfont!
Missing character: There is no o in font nullfont!
Missing character: There is no f in font nullfont!
Missing character: There is no t in font nullfont!
Missing character: There is no h in font nullfont!
Missing character: There is no e in font nullfont!
Missing character: There is no p in font nullfont!
Missing character: There is no r in font nullfont!
Missing character: There is no o in font nullfont!
Missing character: There is no b in font nullfont!
Missing character: There is no a in font nullfont!
Missing character: There is no b in font nullfont!
Missing character: There is no i in font nullfont!
Missing character: There is no l in font nullfont!
Missing character: There is no i in font nullfont!
Missing character: There is no t in font nullfont!
Missing character: There is no y in font nullfont!
Missing character: There is no d in font nullfont!
Missing character: There is no i in font nullfont!
Missing character: There is no s in font nullfont!
Missing character: There is no t in font nullfont!
Missing character: There is no r in font nullfont!
Missing character: There is no i in font nullfont!
Missing character: There is no b in font nullfont!
Missing character: There is no u in font nullfont!
Missing character: There is no t in font nullfont!
Missing character: There is no i in font nullfont!
Missing character: There is no o in font nullfont!
Missing character: There is no n in font nullfont!
Missing character: There is no . in font nullfont!

! LaTeX Error: \begin{document} ended by \end{proof}.

See the LaTeX manual or LaTeX Companion for explanation.
Type  H <return>  for immediate help.
 ...                                              
                                                  
l.12 \end{proof}
                
Your command was ignored.
Type  I <command> <return>  to replace it with another command,
or  <return>  to continue without it.


Overfull \hbox (5.72458pt too wide) in paragraph at lines 9--13
  $\OML/cmm/m/it/10 u$
 []


Overfull \hbox (5.20601pt too wide) in paragraph at lines 9--13
\OML/cmm/m/it/10 v$
 []


Overfull \hbox (5.72458pt too wide) in paragraph at lines 9--13
\OML/cmm/m/it/10 u$
 []


Overfull \hbox (5.20601pt too wide) in paragraph at lines 9--13
\OML/cmm/m/it/10 v$
 []


Overfull \hbox (16.28009pt too wide) in paragraph at lines 9--13
\OML/cmm/m/it/10 u \OT1/cmr/m/n/10 =
 []


Overfull \hbox (5.20601pt too wide) in paragraph at lines 9--13
\OML/cmm/m/it/10 v$
 []


Overfull \hbox (62.76395pt too wide) in paragraph at lines 9--13
[]\OT1/cmr/m/n/10 (\OML/cmm/m/it/10 u[]v\OT1/cmr/m/n/10 ) =
 []


Overfull \hbox (50.08336pt too wide) in paragraph at lines 9--13
[]\OT1/cmr/m/n/10 (1) =
 []


Overfull \hbox (5.00002pt too wide) in paragraph at lines 9--13
\OT1/cmr/m/n/10 0$
 []


Overfull \hbox (16.28009pt too wide) in paragraph at lines 9--13
\OML/cmm/m/it/10 u \OT1/cmr/m/n/10 =
 []


Overfull \hbox (12.98381pt too wide) in paragraph at lines 9--13
\OMS/cmsy/m/n/10  \OML/cmm/m/it/10 v$
 []


Overfull \hbox (62.76395pt too wide) in paragraph at lines 9--13
[]\OT1/cmr/m/n/10 (\OML/cmm/m/it/10 u[]v\OT1/cmr/m/n/10 ) =
 []


Overfull \hbox (57.86116pt too wide) in paragraph at lines 9--13
[]\OT1/cmr/m/n/10 (\OMS/cmsy/m/n/10  \OT1/cmr/m/n/10 1) =
 []


Overfull \hbox (6.05905pt too wide) in paragraph at lines 9--13
\OML/cmm/m/it/10 $
 []


Overfull \hbox (5.72458pt too wide) in paragraph at lines 9--13
\OML/cmm/m/it/10 u$
 []


Overfull \hbox (5.20601pt too wide) in paragraph at lines 9--13
\OML/cmm/m/it/10 v$
 []


Overfull \hbox (61.13847pt too wide) in paragraph at lines 9--13
[]\OT1/cmr/m/n/10 (\OMS/cmsy/m/n/10 f\OML/cmm/m/it/10 u; v\OMS/cmsy/m/n/10 g\OT
1/cmr/m/n/10 ) =
 []


Overfull \hbox (5.00002pt too wide) in paragraph at lines 9--13
\OT1/cmr/m/n/10 2$
 []


Overfull \hbox (4.78937pt too wide) in paragraph at lines 9--13
\OML/cmm/m/it/10 r$
 []


Overfull \hbox (5.72458pt too wide) in paragraph at lines 9--13
\OML/cmm/m/it/10 u$
 []


Overfull \hbox (5.20601pt too wide) in paragraph at lines 9--13
\OML/cmm/m/it/10 v$
 []


Overfull \hbox (14.1319pt too wide) in paragraph at lines 9--13
\OML/cmm/m/it/10 s \OMS/cmsy/m/n/10 2
 []


Overfull \hbox (25.37503pt too wide) in paragraph at lines 9--13
\OMS/cmsy/m/n/10 f\OML/cmm/m/it/10 u; v\OMS/cmsy/m/n/10 g$
 []


Overfull \hbox (27.81947pt too wide) in paragraph at lines 9--13
\OML/cmm/m/it/10 u[]r \OT1/cmr/m/n/10 =
 []


Overfull \hbox (17.1621pt too wide) in paragraph at lines 9--13
\OML/cmm/m/it/10 u[]s$
 []


Overfull \hbox (27.3009pt too wide) in paragraph at lines 9--13
\OML/cmm/m/it/10 v[]r \OT1/cmr/m/n/10 =
 []


Overfull \hbox (16.64352pt too wide) in paragraph at lines 9--13
\OML/cmm/m/it/10 v[]s$
 []


Overfull \hbox (14.37502pt too wide) in paragraph at lines 9--13
\OML/cmm/m/it/10 s=s$
 []


Overfull \hbox (20.88821pt too wide) in paragraph at lines 9--13
\OML/cmm/m/it/10 O\OT1/cmr/m/n/10 (\OML/cmm/m/it/10 d\OT1/cmr/m/n/10 )$
 []


! LaTeX Error: Environment lemma undefined.

See the LaTeX manual or LaTeX Companion for explanation.
Type  H <return>  for immediate help.
 ...                                              
                                                  
l.14 \begin{lemma}
                  [Krivine's trick]\label{lem:krivines_trick}
Your command was ignored.
Type  I <command> <return>  to replace it with another command,
or  <return>  to continue without it.

Missing character: There is no [ in font nullfont!
Missing character: There is no K in font nullfont!
Missing character: There is no r in font nullfont!
Missing character: There is no i in font nullfont!
Missing character: There is no v in font nullfont!
Missing character: There is no i in font nullfont!
Missing character: There is no n in font nullfont!
Missing character: There is no e in font nullfont!
Missing character: There is no ' in font nullfont!
Missing character: There is no s in font nullfont!
Missing character: There is no t in font nullfont!
Missing character: There is no r in font nullfont!
Missing character: There is no i in font nullfont!
Missing character: There is no c in font nullfont!
Missing character: There is no k in font nullfont!
Missing character: There is no ] in font nullfont!
Missing character: There is no L in font nullfont!
Missing character: There is no e in font nullfont!
Missing character: There is no t in font nullfont!
Missing character: There is no , in font nullfont!
Missing character: There is no b in font nullfont!
Missing character: There is no e in font nullfont!
Missing character: There is no g in font nullfont!
Missing character: There is no i in font nullfont!
Missing character: There is no v in font nullfont!
Missing character: There is no e in font nullfont!
Missing character: There is no n in font nullfont!
Missing character: There is no . in font nullfont!
Missing character: There is no T in font nullfont!
Missing character: There is no h in font nullfont!
Missing character: There is no e in font nullfont!
Missing character: There is no n in font nullfont!
Missing character: There is no t in font nullfont!
Missing character: There is no h in font nullfont!
Missing character: There is no e in font nullfont!
Missing character: There is no r in font nullfont!
Missing character: There is no e in font nullfont!
Missing character: There is no a in font nullfont!
Missing character: There is no r in font nullfont!
Missing character: There is no e in font nullfont!
Missing character: There is no , in font nullfont!
Missing character: There is no s in font nullfont!
Missing character: There is no o in font nullfont!
Missing character: There is no t in font nullfont!
Missing character: There is no h in font nullfont!
Missing character: There is no a in font nullfont!
Missing character: There is no t in font nullfont!

Overfull \hbox (20.0pt too wide) in paragraph at lines 14--16
[]
 []


Overfull \hbox (97.04384pt too wide) in paragraph at lines 14--16
\OML/cmm/m/it/10 u[]; [] ; u[]$$v[]; [] ; v[] \OMS/cmsy/m/n/10 2
 []


Overfull \hbox (35.62282pt too wide) in paragraph at lines 14--16
\OML/cmm/m/it/10 S[]$
 []


Overfull \hbox (97.04384pt too wide) in paragraph at lines 14--16
\OML/cmm/m/it/10 u[]; [] ; u[]$$v[]; [] ; v[] \OMS/cmsy/m/n/10 2
 []


Overfull \hbox (35.62282pt too wide) in paragraph at lines 14--16
\OML/cmm/m/it/10 S[]$
 []

! Undefined control sequence.
l.17 		\mathbb
              {E}[\sgn((u_i^\prime)^\top r)\sgn((v_j^\prime)^\top r)] = \bet...
The control sequence at the end of the top line
of your error message was never \def'ed. If you have
misspelled it (e.g., `\hobx'), type `I' and the correct
spelling (e.g., `I\hbox'). Otherwise just continue,
and I'll forget about whatever was undefined.

! Undefined control sequence.
l.17 		\mathbb{E}[\sgn
                      ((u_i^\prime)^\top r)\sgn((v_j^\prime)^\top r)] = \bet...
The control sequence at the end of the top line
of your error message was never \def'ed. If you have
misspelled it (e.g., `\hobx'), type `I' and the correct
spelling (e.g., `I\hbox'). Otherwise just continue,
and I'll forget about whatever was undefined.

! Undefined control sequence.
l.17 		\mathbb{E}[\sgn((u_i^\prime)^\top r)\sgn
                                               ((v_j^\prime)^\top r)] = \bet...
The control sequence at the end of the top line
of your error message was never \def'ed. If you have
misspelled it (e.g., `\hobx'), type `I' and the correct
spelling (e.g., `I\hbox'). Otherwise just continue,
and I'll forget about whatever was undefined.


Overfull \hbox (129.64893pt too wide) detected at line 18
\OML/cmm/m/it/10 E\OT1/cmr/m/n/10 [((\OML/cmm/m/it/10 u[]\OT1/cmr/m/n/10 )[]\OM
L/cmm/m/it/10 r\OT1/cmr/m/n/10 )((\OML/cmm/m/it/10 v[]\OT1/cmr/m/n/10 )[]\OML/c
mm/m/it/10 r\OT1/cmr/m/n/10 )] = \OML/cmm/m/it/10 u[]v[];
 []

Missing character: There is no w in font nullfont!
Missing character: There is no i in font nullfont!
Missing character: There is no t in font nullfont!
Missing character: There is no h in font nullfont!

! LaTeX Error: \begin{document} ended by \end{lemma}.

See the LaTeX manual or LaTeX Companion for explanation.
Type  H <return>  for immediate help.
 ...                                              
                                                  
l.20 \end{lemma}
                
Your command was ignored.
Type  I <command> <return>  to replace it with another command,
or  <return>  to continue without it.


Overfull \hbox (16.73953pt too wide) in paragraph at lines 18--21
 $\OML/cmm/m/it/10  \OT1/cmr/m/n/10 =
 []


Overfull \hbox (33.99417pt too wide) in paragraph at lines 18--21
[] []\OT1/cmr/m/n/10 (1 +
 []


Overfull \hbox (20.00006pt too wide) in paragraph at lines 18--21
[]\OT1/cmr/m/n/10 )\OML/cmm/m/it/10 :$
 []

Missing character: There is no F in font nullfont!
Missing character: There is no o in font nullfont!
Missing character: There is no r in font nullfont!
Missing character: There is no t in font nullfont!
Missing character: There is no h in font nullfont!
Missing character: There is no e in font nullfont!
Missing character: There is no p in font nullfont!
Missing character: There is no r in font nullfont!
Missing character: There is no o in font nullfont!
Missing character: There is no o in font nullfont!
Missing character: There is no f in font nullfont!
Missing character: There is no o in font nullfont!
Missing character: There is no f in font nullfont!
! Undefined control sequence.
<write> ... `lem:krivines_trick' on page \thepage 
                                                  \space undefined\on@line .
l.22 For the proof of \ref{lem:krivines_trick}
                                               we need to use the tensor pro...
The control sequence at the end of the top line
of your error message was never \def'ed. If you have
misspelled it (e.g., `\hobx'), type `I' and the correct
spelling (e.g., `I\hbox'). Otherwise just continue,
and I'll forget about whatever was undefined.


LaTeX Warning: Reference `lem:krivines_trick' on page  undefined on input line 
22.

Missing character: There is no w in font nullfont!
Missing character: There is no e in font nullfont!
Missing character: There is no n in font nullfont!
Missing character: There is no e in font nullfont!
Missing character: There is no e in font nullfont!
Missing character: There is no d in font nullfont!
Missing character: There is no t in font nullfont!
Missing character: There is no o in font nullfont!
Missing character: There is no u in font nullfont!
Missing character: There is no s in font nullfont!
Missing character: There is no e in font nullfont!
Missing character: There is no t in font nullfont!
Missing character: There is no h in font nullfont!
Missing character: There is no e in font nullfont!
Missing character: There is no t in font nullfont!
Missing character: There is no e in font nullfont!
Missing character: There is no n in font nullfont!
Missing character: There is no s in font nullfont!
Missing character: There is no o in font nullfont!
Missing character: There is no r in font nullfont!
Missing character: There is no p in font nullfont!
Missing character: There is no r in font nullfont!
Missing character: There is no o in font nullfont!
Missing character: There is no d in font nullfont!
Missing character: There is no u in font nullfont!
Missing character: There is no c in font nullfont!
Missing character: There is no t in font nullfont!
Missing character: There is no . in font nullfont!
! Undefined control sequence.
<recently read> \mathbb 
                        
l.22 ...native definition for the $\mathbb{R}^n$.}
                                                   The $\mathbb{R}^n$ is an ...
The control sequence at the end of the top line
of your error message was never \def'ed. If you have
misspelled it (e.g., `\hobx'), type `I' and the correct
spelling (e.g., `I\hbox'). Otherwise just continue,
and I'll forget about whatever was undefined.

Missing character: There is no T in font nullfont!
Missing character: There is no h in font nullfont!
Missing character: There is no e in font nullfont!
! Undefined control sequence.
<recently read> \mathbb 
                        
l.22 ...tion for the $\mathbb{R}^n$.} The $\mathbb
                                                  {R}^n$ is an $n$-dimension...
The control sequence at the end of the top line
of your error message was never \def'ed. If you have
misspelled it (e.g., `\hobx'), type `I' and the correct
spelling (e.g., `I\hbox'). Otherwise just continue,
and I'll forget about whatever was undefined.

Missing character: There is no i in font nullfont!
Missing character: There is no s in font nullfont!
Missing character: There is no a in font nullfont!
Missing character: There is no n in font nullfont!
Missing character: There is no - in font nullfont!
Missing character: There is no d in font nullfont!
Missing character: There is no i in font nullfont!
Missing character: There is no m in font nullfont!
Missing character: There is no e in font nullfont!
Missing character: There is no n in font nullfont!
Missing character: There is no s in font nullfont!
Missing character: There is no i in font nullfont!
Missing character: There is no o in font nullfont!
Missing character: There is no n in font nullfont!
Missing character: There is no a in font nullfont!
Missing character: There is no l in font nullfont!
Missing character: There is no E in font nullfont!
Missing character: There is no u in font nullfont!
Missing character: There is no c in font nullfont!
Missing character: There is no l in font nullfont!
Missing character: There is no i in font nullfont!
Missing character: There is no d in font nullfont!
Missing character: There is no e in font nullfont!
Missing character: There is no a in font nullfont!
Missing character: There is no n in font nullfont!
Missing character: There is no s in font nullfont!
Missing character: There is no p in font nullfont!
Missing character: There is no a in font nullfont!
Missing character: There is no c in font nullfont!
Missing character: There is no e in font nullfont!
Missing character: There is no w in font nullfont!
Missing character: There is no i in font nullfont!
Missing character: There is no t in font nullfont!
Missing character: There is no h in font nullfont!
Missing character: There is no i in font nullfont!
Missing character: There is no n in font nullfont!
Missing character: There is no n in font nullfont!
Missing character: There is no e in font nullfont!
Missing character: There is no r in font nullfont!
Missing character: There is no p in font nullfont!
Missing character: There is no r in font nullfont!
Missing character: There is no o in font nullfont!
Missing character: There is no d in font nullfont!
Missing character: There is no u in font nullfont!
Missing character: There is no c in font nullfont!
Missing character: There is no t in font nullfont!
! Undefined control sequence.
l.22 ...l Euclidean space with inner product \sclr
                                                  {\cdot}{\cdot} and orthono...
The control sequence at the end of the top line
of your error message was never \def'ed. If you have
misspelled it (e.g., `\hobx'), type `I' and the correct
spelling (e.g., `I\hbox'). Otherwise just continue,
and I'll forget about whatever was undefined.

! Missing $ inserted.
<inserted text> 
                $
l.22 ...idean space with inner product \sclr{\cdot
                                                  }{\cdot} and orthonormal b...
I've inserted a begin-math/end-math symbol since I think
you left one out. Proceed, with fingers crossed.

! Extra }, or forgotten $.
l.22 ...dean space with inner product \sclr{\cdot}
                                                  {\cdot} and orthonormal ba...
I've deleted a group-closing symbol because it seems to be
spurious, as in `$x}$'. But perhaps the } is legitimate and
you forgot something else, as in `\hbox{$x}'. In such cases
the way to recover is to insert both the forgotten and the
deleted material, e.g., by typing `I$}'.

Missing character: There is no e in font nullfont!
! Missing $ inserted.
<inserted text> 
                $
l.22 ...lr{\cdot}{\cdot} and orthonormal basis $e_
                                                  1,\dots,e_n$.
I've inserted a begin-math/end-math symbol since I think
you left one out. Proceed, with fingers crossed.

Missing character: There is no . in font nullfont!
Missing character: There is no T in font nullfont!
Missing character: There is no h in font nullfont!
Missing character: There is no e in font nullfont!
Missing character: There is no n in font nullfont!
Missing character: There is no t in font nullfont!
Missing character: There is no h in font nullfont!
Missing character: There is no e in font nullfont!
! Undefined control sequence.
<recently read> \mathbb 
                        
l.23 ...mph{k-th tensor product of $\mathbb{R}^n$}
                                                   is denoted by $(\mathbb{R...
The control sequence at the end of the top line
of your error message was never \def'ed. If you have
misspelled it (e.g., `\hobx'), type `I' and the correct
spelling (e.g., `I\hbox'). Otherwise just continue,
and I'll forget about whatever was undefined.

Missing character: There is no i in font nullfont!
Missing character: There is no s in font nullfont!
Missing character: There is no d in font nullfont!
Missing character: There is no e in font nullfont!
Missing character: There is no n in font nullfont!
Missing character: There is no o in font nullfont!
Missing character: There is no t in font nullfont!
Missing character: There is no e in font nullfont!
Missing character: There is no d in font nullfont!
Missing character: There is no b in font nullfont!
Missing character: There is no y in font nullfont!
! Undefined control sequence.
l.23 ...of $\mathbb{R}^n$} is denoted by $(\mathbb
                                                  {R}^n)^{\tensor k}$ and it...
The control sequence at the end of the top line
of your error message was never \def'ed. If you have
misspelled it (e.g., `\hobx'), type `I' and the correct
spelling (e.g., `I\hbox'). Otherwise just continue,
and I'll forget about whatever was undefined.

! Undefined control sequence.
l.23 ...n$} is denoted by $(\mathbb{R}^n)^{\tensor
                                                   k}$ and it is a Euclidean...
The control sequence at the end of the top line
of your error message was never \def'ed. If you have
misspelled it (e.g., `\hobx'), type `I' and the correct
spelling (e.g., `I\hbox'). Otherwise just continue,
and I'll forget about whatever was undefined.

Missing character: There is no a in font nullfont!
Missing character: There is no n in font nullfont!
Missing character: There is no d in font nullfont!
Missing character: There is no i in font nullfont!
Missing character: There is no t in font nullfont!
Missing character: There is no i in font nullfont!
Missing character: There is no s in font nullfont!
Missing character: There is no a in font nullfont!
Missing character: There is no E in font nullfont!
Missing character: There is no u in font nullfont!
Missing character: There is no c in font nullfont!
Missing character: There is no l in font nullfont!
Missing character: There is no i in font nullfont!
Missing character: There is no d in font nullfont!
Missing character: There is no e in font nullfont!
Missing character: There is no a in font nullfont!
Missing character: There is no n in font nullfont!
Missing character: There is no v in font nullfont!
Missing character: There is no e in font nullfont!
Missing character: There is no c in font nullfont!
Missing character: There is no t in font nullfont!
Missing character: There is no o in font nullfont!
Missing character: There is no r in font nullfont!
Missing character: There is no s in font nullfont!
Missing character: There is no p in font nullfont!
Missing character: There is no a in font nullfont!
Missing character: There is no c in font nullfont!
Missing character: There is no e in font nullfont!
Missing character: There is no o in font nullfont!
Missing character: There is no f in font nullfont!
Missing character: There is no d in font nullfont!
Missing character: There is no i in font nullfont!
Missing character: There is no m in font nullfont!
Missing character: There is no e in font nullfont!
Missing character: There is no n in font nullfont!
Missing character: There is no s in font nullfont!
Missing character: There is no i in font nullfont!
Missing character: There is no o in font nullfont!
Missing character: There is no n in font nullfont!
Missing character: There is no w in font nullfont!
Missing character: There is no i in font nullfont!
Missing character: There is no t in font nullfont!
Missing character: There is no h in font nullfont!
Missing character: There is no o in font nullfont!
Missing character: There is no r in font nullfont!
Missing character: There is no t in font nullfont!
Missing character: There is no h in font nullfont!
Missing character: There is no o in font nullfont!
Missing character: There is no n in font nullfont!
Missing character: There is no o in font nullfont!
Missing character: There is no r in font nullfont!
Missing character: There is no m in font nullfont!
Missing character: There is no a in font nullfont!
Missing character: There is no l in font nullfont!
Missing character: There is no b in font nullfont!
Missing character: There is no a in font nullfont!
Missing character: There is no s in font nullfont!
Missing character: There is no i in font nullfont!
Missing character: There is no s in font nullfont!
! Undefined control sequence.
l.23 ...^k$ with orthonormal basis $e_{i_1}\tensor
                                                   e_{i_2} \tensor \cdots \t...
The control sequence at the end of the top line
of your error message was never \def'ed. If you have
misspelled it (e.g., `\hobx'), type `I' and the correct
spelling (e.g., `I\hbox'). Otherwise just continue,
and I'll forget about whatever was undefined.

! Undefined control sequence.
l.23 ...rmal basis $e_{i_1}\tensor e_{i_2} \tensor
                                                   \cdots \tensor e_{i_k}$, ...
The control sequence at the end of the top line
of your error message was never \def'ed. If you have
misspelled it (e.g., `\hobx'), type `I' and the correct
spelling (e.g., `I\hbox'). Otherwise just continue,
and I'll forget about whatever was undefined.

! Undefined control sequence.
l.23 ...i_1}\tensor e_{i_2} \tensor \cdots \tensor
                                                   e_{i_k}$, $i_j\in\{1,\dot...
The control sequence at the end of the top line
of your error message was never \def'ed. If you have
misspelled it (e.g., `\hobx'), type `I' and the correct
spelling (e.g., `I\hbox'). Otherwise just continue,
and I'll forget about whatever was undefined.

Missing character: There is no , in font nullfont!
Missing character: There is no . in font nullfont!
Missing character: There is no I in font nullfont!
Missing character: There is no n in font nullfont!
Missing character: There is no p in font nullfont!
Missing character: There is no a in font nullfont!
Missing character: There is no r in font nullfont!
Missing character: There is no t in font nullfont!
Missing character: There is no i in font nullfont!
Missing character: There is no c in font nullfont!
Missing character: There is no u in font nullfont!
Missing character: There is no l in font nullfont!
Missing character: There is no a in font nullfont!
Missing character: There is no r in font nullfont!
Missing character: There is no : in font nullfont!

! LaTeX Error: Environment align undefined.

See the LaTeX manual or LaTeX Companion for explanation.
Type  H <return>  for immediate help.
 ...                                              
                                                  
l.24 \begin{align}
                  
Your command was ignored.
Type  I <command> <return>  to replace it with another command,
or  <return>  to continue without it.

Missing character: There is no ( in font nullfont!
Missing character: There is no e in font nullfont!
! Missing $ inserted.
<inserted text> 
                $
l.25 	(e_
         {i_1}\tensor e_{i_2} \tensor \cdots \tensor e_{i_k})^\top (e_{j_1}\...
I've inserted a begin-math/end-math symbol since I think
you left one out. Proceed, with fingers crossed.

! Undefined control sequence.
l.25 	(e_{i_1}\tensor
                      e_{i_2} \tensor \cdots \tensor e_{i_k})^\top (e_{j_1}\...
The control sequence at the end of the top line
of your error message was never \def'ed. If you have
misspelled it (e.g., `\hobx'), type `I' and the correct
spelling (e.g., `I\hbox'). Otherwise just continue,
and I'll forget about whatever was undefined.

! Undefined control sequence.
l.25 	(e_{i_1}\tensor e_{i_2} \tensor
                                      \cdots \tensor e_{i_k})^\top (e_{j_1}\...
The control sequence at the end of the top line
of your error message was never \def'ed. If you have
misspelled it (e.g., `\hobx'), type `I' and the correct
spelling (e.g., `I\hbox'). Otherwise just continue,
and I'll forget about whatever was undefined.

! Undefined control sequence.
l.25 ...i_1}\tensor e_{i_2} \tensor \cdots \tensor
                                                   e_{i_k})^\top (e_{j_1}\te...
The control sequence at the end of the top line
of your error message was never \def'ed. If you have
misspelled it (e.g., `\hobx'), type `I' and the correct
spelling (e.g., `I\hbox'). Otherwise just continue,
and I'll forget about whatever was undefined.

! Undefined control sequence.
l.25 ...dots \tensor e_{i_k})^\top (e_{j_1}\tensor
                                                   e_{j_2} \tensor \cdots \t...
The control sequence at the end of the top line
of your error message was never \def'ed. If you have
misspelled it (e.g., `\hobx'), type `I' and the correct
spelling (e.g., `I\hbox'). Otherwise just continue,
and I'll forget about whatever was undefined.

! Undefined control sequence.
l.25 ...i_k})^\top (e_{j_1}\tensor e_{j_2} \tensor
                                                   \cdots \tensor e_{j_k})
The control sequence at the end of the top line
of your error message was never \def'ed. If you have
misspelled it (e.g., `\hobx'), type `I' and the correct
spelling (e.g., `I\hbox'). Otherwise just continue,
and I'll forget about whatever was undefined.

! Undefined control sequence.
l.25 ...j_1}\tensor e_{j_2} \tensor \cdots \tensor
                                                   e_{j_k})
The control sequence at the end of the top line
of your error message was never \def'ed. If you have
misspelled it (e.g., `\hobx'), type `I' and the correct
spelling (e.g., `I\hbox'). Otherwise just continue,
and I'll forget about whatever was undefined.

! Misplaced alignment tab character &.
l.26 	&
       = \prod_{r=1}^k e_{i_r}^\top e_{j_r}
I can't figure out why you would want to use a tab mark
here. If you just want an ampersand, the remedy is
simple: Just type `I\&' now. But if some right brace
up above has ended a previous alignment prematurely,
you're probably due for more error messages, and you
might try typing `S' now just to see what is salvageable.

! Misplaced alignment tab character &.
l.27 	&
       =\begin{cases}
I can't figure out why you would want to use a tab mark
here. If you just want an ampersand, the remedy is
simple: Just type `I\&' now. But if some right brace
up above has ended a previous alignment prematurely,
you're probably due for more error messages, and you
might try typing `S' now just to see what is salvageable.

! Misplaced alignment tab character &.
l.28 		1 &
           , \text{ if } i_r=j_r \text{ for all } r=1,\dots,n,\\
I can't figure out why you would want to use a tab mark
here. If you just want an ampersand, the remedy is
simple: Just type `I\&' now. But if some right brace
up above has ended a previous alignment prematurely,
you're probably due for more error messages, and you
might try typing `S' now just to see what is salvageable.

! Undefined control sequence.
l.28 		1 & , \text
                  { if } i_r=j_r \text{ for all } r=1,\dots,n,\\
The control sequence at the end of the top line
of your error message was never \def'ed. If you have
misspelled it (e.g., `\hobx'), type `I' and the correct
spelling (e.g., `I\hbox'). Otherwise just continue,
and I'll forget about whatever was undefined.

! Undefined control sequence.
l.28 		1 & , \text{ if } i_r=j_r \text
                                      { for all } r=1,\dots,n,\\
The control sequence at the end of the top line
of your error message was never \def'ed. If you have
misspelled it (e.g., `\hobx'), type `I' and the correct
spelling (e.g., `I\hbox'). Otherwise just continue,
and I'll forget about whatever was undefined.

! Misplaced alignment tab character &.
l.29 		0 &
           , \text{ otherwise}.
I can't figure out why you would want to use a tab mark
here. If you just want an ampersand, the remedy is
simple: Just type `I\&' now. But if some right brace
up above has ended a previous alignment prematurely,
you're probably due for more error messages, and you
might try typing `S' now just to see what is salvageable.

! Undefined control sequence.
l.29 		0 & , \text
                  { otherwise}.
The control sequence at the end of the top line
of your error message was never \def'ed. If you have
misspelled it (e.g., `\hobx'), type `I' and the correct
spelling (e.g., `I\hbox'). Otherwise just continue,
and I'll forget about whatever was undefined.


! LaTeX Error: \begin{document} ended by \end{align}.

See the LaTeX manual or LaTeX Companion for explanation.
Type  H <return>  for immediate help.
 ...                                              
                                                  
l.31 \end{align}
                
Your command was ignored.
Type  I <command> <return>  to replace it with another command,
or  <return>  to continue without it.

! Missing $ inserted.
<inserted text> 
                $
l.31 \end{align}
                
I've inserted something that you may have forgotten.
(See the <inserted text> above.)
With luck, this will get me unwedged. But if you
really didn't forget anything, try typing `2' now; then
my insertion and my current dilemma will both disappear.

Missing character: There is no a in font nullfont!
Missing character: There is no n in font nullfont!
Missing character: There is no d in font nullfont!
Missing character: There is no f in font nullfont!
Missing character: There is no o in font nullfont!
Missing character: There is no r in font nullfont!
! Undefined control sequence.
l.32 and for $v\in\mathbb
                         {R}^n$ with $v=v_1e_1+\cdots +v_ne_n$ we define $v^...
The control sequence at the end of the top line
of your error message was never \def'ed. If you have
misspelled it (e.g., `\hobx'), type `I' and the correct
spelling (e.g., `I\hbox'). Otherwise just continue,
and I'll forget about whatever was undefined.

Missing character: There is no w in font nullfont!
Missing character: There is no i in font nullfont!
Missing character: There is no t in font nullfont!
Missing character: There is no h in font nullfont!
Missing character: There is no w in font nullfont!
Missing character: There is no e in font nullfont!
Missing character: There is no d in font nullfont!
Missing character: There is no e in font nullfont!
Missing character: There is no f in font nullfont!
Missing character: There is no i in font nullfont!
Missing character: There is no n in font nullfont!
Missing character: There is no e in font nullfont!
! Undefined control sequence.
l.32 ...1e_1+\cdots +v_ne_n$ we define $v^{\tensor
                                                   k} \in (\mathbb{R}^n)^{\t...
The control sequence at the end of the top line
of your error message was never \def'ed. If you have
misspelled it (e.g., `\hobx'), type `I' and the correct
spelling (e.g., `I\hbox'). Otherwise just continue,
and I'll forget about whatever was undefined.

! Undefined control sequence.
l.32 ...e_n$ we define $v^{\tensor k} \in (\mathbb
                                                  {R}^n)^{\tensor k}$ by
The control sequence at the end of the top line
of your error message was never \def'ed. If you have
misspelled it (e.g., `\hobx'), type `I' and the correct
spelling (e.g., `I\hbox'). Otherwise just continue,
and I'll forget about whatever was undefined.

! Undefined control sequence.
l.32 ...$v^{\tensor k} \in (\mathbb{R}^n)^{\tensor
                                                   k}$ by
The control sequence at the end of the top line
of your error message was never \def'ed. If you have
misspelled it (e.g., `\hobx'), type `I' and the correct
spelling (e.g., `I\hbox'). Otherwise just continue,
and I'll forget about whatever was undefined.

Missing character: There is no b in font nullfont!
Missing character: There is no y in font nullfont!

Overfull \hbox (20.0pt too wide) in paragraph at lines 22--33
[]
 []


Overfull \hbox (10.86105pt too wide) in paragraph at lines 22--33
[]
 []


Overfull \hbox (14.58879pt too wide) in paragraph at lines 22--33
\OT1/cmr/m/it/10 We
 []


Overfull \hbox (19.42209pt too wide) in paragraph at lines 22--33
\OT1/cmr/m/it/10 have
 []


Overfull \hbox (11.24437pt too wide) in paragraph at lines 22--33
\OT1/cmr/m/it/10 al-
 []


Overfull \hbox (22.87202pt too wide) in paragraph at lines 22--33
\OT1/cmr/m/it/10 ready
 []


Overfull \hbox (18.39986pt too wide) in paragraph at lines 22--33
\OT1/cmr/m/it/10 seen
 []


Overfull \hbox (13.03323pt too wide) in paragraph at lines 22--33
\OT1/cmr/m/it/10 the
 []


Overfull \hbox (17.12209pt too wide) in paragraph at lines 22--33
\OT1/cmr/m/it/10 ten-
 []


Overfull \hbox (13.41658pt too wide) in paragraph at lines 22--33
\OT1/cmr/m/it/10 sor
 []


Overfull \hbox (22.10538pt too wide) in paragraph at lines 22--33
\OT1/cmr/m/it/10 prod-
 []


Overfull \hbox (13.28879pt too wide) in paragraph at lines 22--33
\OT1/cmr/m/it/10 uct
 []


Overfull \hbox (12.39436pt too wide) in paragraph at lines 22--33
\OT1/cmr/m/it/10 for
 []


Overfull \hbox (20.9554pt too wide) in paragraph at lines 22--33
\OT1/cmr/m/it/10 com-
 []


Overfull \hbox (16.90546pt too wide) in paragraph at lines 22--33
\OT1/cmr/m/it/10 plex
 []


Overfull \hbox (16.8665pt too wide) in paragraph at lines 22--33
\OT1/cmr/m/it/10 vec-
 []


Overfull \hbox (12.6499pt too wide) in paragraph at lines 22--33
\OT1/cmr/m/it/10 tor
 []


Overfull \hbox (29.64423pt too wide) in paragraph at lines 22--33
\OT1/cmr/m/it/10 spaces.
 []


Overfull \hbox (19.18878pt too wide) in paragraph at lines 22--33
\OT1/cmr/m/it/10 Now
 []


Overfull \hbox (11.24437pt too wide) in paragraph at lines 22--33
\OT1/cmr/m/it/10 we
 []


Overfull \hbox (16.86653pt too wide) in paragraph at lines 22--33
\OT1/cmr/m/it/10 give
 []


Overfull \hbox (10.73328pt too wide) in paragraph at lines 22--33
\OT1/cmr/m/it/10 an
 []


Overfull \hbox (11.24437pt too wide) in paragraph at lines 22--33
\OT1/cmr/m/it/10 al-
 []


Overfull \hbox (15.71652pt too wide) in paragraph at lines 22--33
\OT1/cmr/m/it/10 ter-
 []


Overfull \hbox (14.31102pt too wide) in paragraph at lines 22--33
\OT1/cmr/m/it/10 na-
 []


Overfull \hbox (15.58876pt too wide) in paragraph at lines 22--33
\OT1/cmr/m/it/10 tive
 []


Overfull \hbox (16.35544pt too wide) in paragraph at lines 22--33
\OT1/cmr/m/it/10 def-
 []


Overfull \hbox (6.6444pt too wide) in paragraph at lines 22--33
\OT1/cmr/m/it/10 i-
 []


Overfull \hbox (12.26659pt too wide) in paragraph at lines 22--33
\OT1/cmr/m/it/10 ni-
 []


Overfull \hbox (17.12212pt too wide) in paragraph at lines 22--33
\OT1/cmr/m/it/10 tion
 []


Overfull \hbox (12.39436pt too wide) in paragraph at lines 22--33
\OT1/cmr/m/it/10 for
 []


Overfull \hbox (13.03323pt too wide) in paragraph at lines 22--33
\OT1/cmr/m/it/10 the
 []


Overfull \hbox (16.18013pt too wide) in paragraph at lines 22--33
\OML/cmm/m/it/10 R[]$\OT1/cmr/m/it/10 .
 []


Overfull \hbox (13.11348pt too wide) in paragraph at lines 22--33
\OML/cmm/m/it/10 R[]$
 []


Overfull \hbox (6.00235pt too wide) in paragraph at lines 22--33
\OML/cmm/m/it/10 n$
 []


Overfull \hbox (137.9962pt too wide) in paragraph at lines 22--33
\OMS/cmsy/m/n/10 []\OML/cmm/m/it/10 andorthonormalbasis$$[]; [] ; e[]$
 []


Overfull \hbox (8.1777pt too wide) in paragraph at lines 22--33
\OT1/cmr/m/it/10 k-
 []


Overfull \hbox (8.43327pt too wide) in paragraph at lines 22--33
\OT1/cmr/m/it/10 th
 []


Overfull \hbox (17.12209pt too wide) in paragraph at lines 22--33
\OT1/cmr/m/it/10 ten-
 []


Overfull \hbox (13.41658pt too wide) in paragraph at lines 22--33
\OT1/cmr/m/it/10 sor
 []


Overfull \hbox (22.10538pt too wide) in paragraph at lines 22--33
\OT1/cmr/m/it/10 prod-
 []


Overfull \hbox (13.28879pt too wide) in paragraph at lines 22--33
\OT1/cmr/m/it/10 uct
 []


Overfull \hbox (8.17773pt too wide) in paragraph at lines 22--33
\OT1/cmr/m/it/10 of
 []


Overfull \hbox (13.11348pt too wide) in paragraph at lines 22--33
\OML/cmm/m/it/10 R[]$
 []


Overfull \hbox (25.81145pt too wide) in paragraph at lines 22--33
\OT1/cmr/m/n/10 (\OML/cmm/m/it/10 R[]\OT1/cmr/m/n/10 )[]$
 []


Overfull \hbox (10.92252pt too wide) in paragraph at lines 22--33
\OML/cmm/m/it/10 n[]$
 []


Overfull \hbox (51.13374pt too wide) in paragraph at lines 22--33
\OML/cmm/m/it/10 e[]e[] [] e[]$
 []


Overfull \hbox (17.10309pt too wide) in paragraph at lines 22--33
\OML/cmm/m/it/10 i[] \OMS/cmsy/m/n/10 2
 []


Overfull \hbox (43.22446pt too wide) in paragraph at lines 22--33
\OMS/cmsy/m/n/10 f\OT1/cmr/m/n/10 1\OML/cmm/m/it/10 ; [] ; n\OMS/cmsy/m/n/10 g$

 []


Overfull \hbox (128.0228pt too wide) in paragraph at lines 22--33
[]\OML/cmm/m/it/10 e[] [] e[]\OT1/cmr/m/n/10 )[](\OML/cmm/m/it/10 e[]e[] [] e[]
\OT1/cmr/m/n/10 ) =
 []


Overfull \hbox (60.73106pt too wide) in paragraph at lines 22--33
[][] \OML/cmm/m/it/10 e[]e[] \OT1/cmr/m/n/10 =
 []


Overfull \hbox (46.82397pt too wide) in paragraph at lines 22--33
[] \OML/cmm/m/it/10 ; []i[] \OT1/cmr/m/n/10 =
 []


Overfull \hbox (51.14708pt too wide) in paragraph at lines 22--33
\OML/cmm/m/it/10 j[][]r \OT1/cmr/m/n/10 =
 []


Overfull \hbox (37.66884pt too wide) in paragraph at lines 22--33
\OT1/cmr/m/n/10 1\OML/cmm/m/it/10 ; [] ; n; [] 
 []


Overfull \hbox (56.10492pt too wide) in paragraph at lines 22--33
\OT1/cmr/m/n/10 0\OML/cmm/m/it/10 ; []:$
 []


Overfull \hbox (14.6504pt too wide) in paragraph at lines 22--33
\OML/cmm/m/it/10 v \OMS/cmsy/m/n/10 2
 []


Overfull \hbox (13.11348pt too wide) in paragraph at lines 22--33
\OML/cmm/m/it/10 R[]$
 []


Overfull \hbox (15.76152pt too wide) in paragraph at lines 22--33
\OML/cmm/m/it/10 v \OT1/cmr/m/n/10 =
 []


Overfull \hbox (26.25356pt too wide) in paragraph at lines 22--33
\OML/cmm/m/it/10 v[]e[] \OT1/cmr/m/n/10 +
 []


Overfull \hbox (19.44441pt too wide) in paragraph at lines 22--33
[] \OT1/cmr/m/n/10 +
 []


Overfull \hbox (20.39015pt too wide) in paragraph at lines 22--33
\OML/cmm/m/it/10 v[]e[]$
 []


Overfull \hbox (19.57057pt too wide) in paragraph at lines 22--33
\OML/cmm/m/it/10 v[] \OMS/cmsy/m/n/10 2
 []


Overfull \hbox (25.81145pt too wide) in paragraph at lines 22--33
\OT1/cmr/m/n/10 (\OML/cmm/m/it/10 R[]\OT1/cmr/m/n/10 )[]$
 []

! Undefined control sequence.
l.34 	v^{\tensor
                 k} = (v_1e_1 + \cdots + v_ne_n) \tensor \cdots \tensor (v_1...
The control sequence at the end of the top line
of your error message was never \def'ed. If you have
misspelled it (e.g., `\hobx'), type `I' and the correct
spelling (e.g., `I\hbox'). Otherwise just continue,
and I'll forget about whatever was undefined.

! Undefined control sequence.
l.34 ...or k} = (v_1e_1 + \cdots + v_ne_n) \tensor
                                                   \cdots \tensor (v_1e_1 + ...
The control sequence at the end of the top line
of your error message was never \def'ed. If you have
misspelled it (e.g., `\hobx'), type `I' and the correct
spelling (e.g., `I\hbox'). Otherwise just continue,
and I'll forget about whatever was undefined.

! Undefined control sequence.
l.34 ... + \cdots + v_ne_n) \tensor \cdots \tensor
                                                   (v_1e_1 + \cdots + v_ne_n...
The control sequence at the end of the top line
of your error message was never \def'ed. If you have
misspelled it (e.g., `\hobx'), type `I' and the correct
spelling (e.g., `I\hbox'). Otherwise just continue,
and I'll forget about whatever was undefined.

! Undefined control sequence.
l.34 ...,i_k} v_{i_1}\cdots v_{i_k} e_{i_1}\tensor
                                                  \cdots\tensor e_{i_k}.
The control sequence at the end of the top line
of your error message was never \def'ed. If you have
misspelled it (e.g., `\hobx'), type `I' and the correct
spelling (e.g., `I\hbox'). Otherwise just continue,
and I'll forget about whatever was undefined.

! Undefined control sequence.
l.34 ...\cdots v_{i_k} e_{i_1}\tensor\cdots\tensor
                                                   e_{i_k}.
The control sequence at the end of the top line
of your error message was never \def'ed. If you have
misspelled it (e.g., `\hobx'), type `I' and the correct
spelling (e.g., `I\hbox'). Otherwise just continue,
and I'll forget about whatever was undefined.


Overfull \hbox (308.64935pt too wide) detected at line 35
\OML/cmm/m/it/10 v[] \OT1/cmr/m/n/10 = (\OML/cmm/m/it/10 v[]e[] \OT1/cmr/m/n/10
 + [] + \OML/cmm/m/it/10 v[]e[]\OT1/cmr/m/n/10 ) [] (\OML/cmm/m/it/10 v[]e[] \O
T1/cmr/m/n/10 + [] + \OML/cmm/m/it/10 v[]e[]\OT1/cmr/m/n/10 ) = [] \OML/cmm/m/i
t/10 v[] [] v[]e[] [] e[]:
 []


! LaTeX Error: Environment proof undefined.

See the LaTeX manual or LaTeX Companion for explanation.
Type  H <return>  for immediate help.
 ...                                              
                                                  
l.37 \begin{proof}
                  
Your command was ignored.
Type  I <command> <return>  to replace it with another command,
or  <return>  to continue without it.

Missing character: There is no H in font nullfont!
Missing character: There is no i in font nullfont!
Missing character: There is no e in font nullfont!
Missing character: There is no r in font nullfont!
Missing character: There is no k in font nullfont!
Missing character: There is no o in font nullfont!
Missing character: There is no m in font nullfont!
Missing character: There is no m in font nullfont!
Missing character: There is no t in font nullfont!
Missing character: There is no e in font nullfont!
Missing character: There is no i in font nullfont!
Missing character: There is no n in font nullfont!
Missing character: There is no k in font nullfont!
Missing character: There is no r in font nullfont!
Missing character: There is no a in font nullfont!
Missing character: There is no s in font nullfont!
Missing character: There is no s in font nullfont!
Missing character: There is no e in font nullfont!
Missing character: There is no r in font nullfont!
Missing character: There is no B in font nullfont!
Missing character: There is no e in font nullfont!
Missing character: There is no w in font nullfont!
Missing character: There is no e in font nullfont!
Missing character: There is no i in font nullfont!
Missing character: There is no s in font nullfont!
Missing character: There is no . in font nullfont!

! LaTeX Error: \begin{document} ended by \end{proof}.

See the LaTeX manual or LaTeX Companion for explanation.
Type  H <return>  for immediate help.
 ...                                              
                                                  
l.39 \end{proof}
                
Your command was ignored.
Type  I <command> <return>  to replace it with another command,
or  <return>  to continue without it.

)
! Emergency stop.
<*> ./MaxisTeil.tex
                   
*** (job aborted, no legal \end found)

 
Here is how much of TeX's memory you used:
 25 strings out of 493323
 272 string characters out of 3139068
 59648 words of memory out of 3000000
 3662 multiletter control sequences out of 15000+200000
 4294 words of font info for 16 fonts, out of 3000000 for 9000
 1141 hyphenation exceptions out of 8191
 18i,7n,14p,420b,89s stack positions out of 5000i,500n,10000p,200000b,50000s
!  ==> Fatal error occurred, no output PDF file produced!
